<?xml version="1.0" encoding="UTF-8"?>
<!-- Generated by org.testng.reporters.JUnitXMLReporter -->
<testsuite hostname="HP-PC" ignored="0" name="Test" tests="3" failures="0" timestamp="30 Mar 2018 19:34:50 GMT" time="254.181" errors="0">
  <testcase name="testInvalidLogin" time="37.415" classname="scripts.InvalidTestLogin"/>
  <testcase name="testValidLogin" time="11.513" classname="scripts.ValidTestLogin"/>
  <testcase name="ActitimeVersion" time="40.384" classname="scripts.VerifyActiTimeVersion"/>
</testsuite> <!-- Test -->
