<?xml version="1.0" encoding="UTF-8"?>
<testng-results skipped="0" failed="0" ignored="0" total="3" passed="3">
  <reporter-output>
  </reporter-output>
  <suite name="Suite" duration-ms="254181" started-at="2018-03-30T19:30:36Z" finished-at="2018-03-30T19:34:50Z">
    <groups>
    </groups>
    <test name="Test" duration-ms="254181" started-at="2018-03-30T19:30:36Z" finished-at="2018-03-30T19:34:50Z">
      <class name="scripts.VerifyActiTimeVersion">
        <test-method status="PASS" signature="openApplication()[pri:0, instance:scripts.VerifyActiTimeVersion@4e7dc304]" name="openApplication" is-config="true" duration-ms="36060" started-at="2018-03-30T19:33:33Z" finished-at="2018-03-30T19:34:09Z">
          <reporter-output>
          </reporter-output>
        </test-method> <!-- openApplication -->
        <test-method status="PASS" signature="ActitimeVersion()[pri:0, instance:scripts.VerifyActiTimeVersion@4e7dc304]" name="ActitimeVersion" duration-ms="40384" started-at="2018-03-30T19:34:09Z" finished-at="2018-03-30T19:34:49Z">
          <reporter-output>
          </reporter-output>
        </test-method> <!-- ActitimeVersion -->
        <test-method status="PASS" signature="closeApplication(org.testng.ITestResult)[pri:0, instance:scripts.VerifyActiTimeVersion@4e7dc304]" name="closeApplication" is-config="true" duration-ms="372" started-at="2018-03-30T19:34:49Z" finished-at="2018-03-30T19:34:50Z">
          <params>
            <param index="0">
              <value>
                <![CDATA[[TestResult name=ActitimeVersion status=SUCCESS method=VerifyActiTimeVersion.ActitimeVersion()[pri:0, instance:scripts.VerifyActiTimeVersion@4e7dc304] output={null}]]]>
              </value>
            </param>
          </params>
          <reporter-output>
          </reporter-output>
        </test-method> <!-- closeApplication -->
      </class> <!-- scripts.VerifyActiTimeVersion -->
      <class name="scripts.InvalidTestLogin">
        <test-method status="PASS" signature="openApplication()[pri:0, instance:scripts.InvalidTestLogin@23faf8f2]" name="openApplication" is-config="true" duration-ms="91060" started-at="2018-03-30T19:30:36Z" finished-at="2018-03-30T19:32:07Z">
          <reporter-output>
          </reporter-output>
        </test-method> <!-- openApplication -->
        <test-method status="PASS" signature="testInvalidLogin()[pri:0, instance:scripts.InvalidTestLogin@23faf8f2]" name="testInvalidLogin" duration-ms="37415" started-at="2018-03-30T19:32:07Z" finished-at="2018-03-30T19:32:44Z">
          <reporter-output>
          </reporter-output>
        </test-method> <!-- testInvalidLogin -->
        <test-method status="PASS" signature="closeApplication(org.testng.ITestResult)[pri:0, instance:scripts.InvalidTestLogin@23faf8f2]" name="closeApplication" is-config="true" duration-ms="8712" started-at="2018-03-30T19:32:44Z" finished-at="2018-03-30T19:32:53Z">
          <params>
            <param index="0">
              <value>
                <![CDATA[[TestResult name=testInvalidLogin status=SUCCESS method=InvalidTestLogin.testInvalidLogin()[pri:0, instance:scripts.InvalidTestLogin@23faf8f2] output={null}]]]>
              </value>
            </param>
          </params>
          <reporter-output>
          </reporter-output>
        </test-method> <!-- closeApplication -->
      </class> <!-- scripts.InvalidTestLogin -->
      <class name="scripts.ValidTestLogin">
        <test-method status="PASS" signature="openApplication()[pri:0, instance:scripts.ValidTestLogin@2d6eabae]" name="openApplication" is-config="true" duration-ms="27505" started-at="2018-03-30T19:32:53Z" finished-at="2018-03-30T19:33:21Z">
          <reporter-output>
          </reporter-output>
        </test-method> <!-- openApplication -->
        <test-method status="PASS" signature="testValidLogin()[pri:0, instance:scripts.ValidTestLogin@2d6eabae]" name="testValidLogin" duration-ms="11513" started-at="2018-03-30T19:33:21Z" finished-at="2018-03-30T19:33:32Z">
          <reporter-output>
          </reporter-output>
        </test-method> <!-- testValidLogin -->
        <test-method status="PASS" signature="closeApplication(org.testng.ITestResult)[pri:0, instance:scripts.ValidTestLogin@2d6eabae]" name="closeApplication" is-config="true" duration-ms="916" started-at="2018-03-30T19:33:32Z" finished-at="2018-03-30T19:33:33Z">
          <params>
            <param index="0">
              <value>
                <![CDATA[[TestResult name=testValidLogin status=SUCCESS method=ValidTestLogin.testValidLogin()[pri:0, instance:scripts.ValidTestLogin@2d6eabae] output={null}]]]>
              </value>
            </param>
          </params>
          <reporter-output>
          </reporter-output>
        </test-method> <!-- closeApplication -->
      </class> <!-- scripts.ValidTestLogin -->
    </test> <!-- Test -->
  </suite> <!-- Suite -->
</testng-results>
