<?xml version="1.0" encoding="UTF-8"?>
<testng-results skipped="0" failed="0" ignored="0" total="1" passed="1">
  <reporter-output>
  </reporter-output>
  <suite name="Default suite" duration-ms="51235" started-at="2018-03-30T16:40:53Z" finished-at="2018-03-30T16:41:44Z">
    <groups>
    </groups>
    <test name="Default test" duration-ms="51235" started-at="2018-03-30T16:40:53Z" finished-at="2018-03-30T16:41:44Z">
      <class name="scripts.VerifyActiTimeVersion">
        <test-method status="PASS" signature="openApplication()[pri:0, instance:scripts.VerifyActiTimeVersion@192d3247]" name="openApplication" is-config="true" duration-ms="10702" started-at="2018-03-30T16:40:53Z" finished-at="2018-03-30T16:41:04Z">
          <reporter-output>
          </reporter-output>
        </test-method> <!-- openApplication -->
        <test-method status="PASS" signature="ActitimeVersion()[pri:0, instance:scripts.VerifyActiTimeVersion@192d3247]" name="ActitimeVersion" duration-ms="39974" started-at="2018-03-30T16:41:04Z" finished-at="2018-03-30T16:41:44Z">
          <reporter-output>
          </reporter-output>
        </test-method> <!-- ActitimeVersion -->
        <test-method status="PASS" signature="closeApplication(org.testng.ITestResult)[pri:0, instance:scripts.VerifyActiTimeVersion@192d3247]" name="closeApplication" is-config="true" duration-ms="478" started-at="2018-03-30T16:41:44Z" finished-at="2018-03-30T16:41:44Z">
          <params>
            <param index="0">
              <value>
                <![CDATA[[TestResult name=ActitimeVersion status=SUCCESS method=VerifyActiTimeVersion.ActitimeVersion()[pri:0, instance:scripts.VerifyActiTimeVersion@192d3247] output={null}]]]>
              </value>
            </param>
          </params>
          <reporter-output>
          </reporter-output>
        </test-method> <!-- closeApplication -->
      </class> <!-- scripts.VerifyActiTimeVersion -->
    </test> <!-- Default test -->
  </suite> <!-- Default suite -->
</testng-results>
